ERROR 2024-10-01 17:40:23 [main] Lesson_6.LoggerApp (LoggerApp.java:10) - Error
FATAL 2024-10-01 17:40:23 [main] Lesson_6.LoggerApp (LoggerApp.java:11) - Fatal
WARN  2024-10-01 17:40:23 [main] Lesson_6.LoggerApp (LoggerApp.java:12) - Warn
INFO  2024-10-01 17:40:23 [main] Lesson_6.LoggerApp (LoggerApp.java:13) - Info
FATAL 2024-10-01 17:40:51 [main] Lesson_6.LoggerApp (LoggerApp.java:10) - Fatal
ERROR 2024-10-01 17:40:51 [main] Lesson_6.LoggerApp (LoggerApp.java:11) - Error
WARN  2024-10-01 17:40:51 [main] Lesson_6.LoggerApp (LoggerApp.java:12) - Warn
INFO  2024-10-01 17:40:51 [main] Lesson_6.LoggerApp (LoggerApp.java:13) - Info
DEBUG 2024-10-01 17:40:51 [main] Lesson_6.LoggerApp (LoggerApp.java:14) - Debug
DEBUG 2024-10-01 19:25:09 [main] Lesson_6.LoggerApp (LoggerApp.java:30) - List is [1] for i 1
DEBUG 2024-10-01 19:25:09 [main] Lesson_6.LoggerApp (LoggerApp.java:30) - List is [1, 2] for i 2
DEBUG 2024-10-01 19:25:09 [main] Lesson_6.LoggerApp (LoggerApp.java:30) - List is [1, 2, 3] for i 3
DEBUG 2024-10-01 19:25:09 [main] Lesson_6.LoggerApp (LoggerApp.java:30) - List is [1, 2, 3, 4] for i 4
DEBUG 2024-10-01 19:25:09 [main] Lesson_6.LoggerApp (LoggerApp.java:30) - List is [1, 2, 3, 4, 5] for i 5
DEBUG 2024-10-01 19:25:09 [main] Lesson_6.LoggerApp (LoggerApp.java:30) - List is [1, 2, 3, 4, 5, 6] for i 6
DEBUG 2024-10-01 19:25:09 [main] Lesson_6.LoggerApp (LoggerApp.java:30) - List is [1, 2, 3, 4, 5, 6, 7] for i 7
DEBUG 2024-10-01 19:25:09 [main] Lesson_6.LoggerApp (LoggerApp.java:30) - List is [2, 3, 4, 5, 6, 7, 8] for i 8
DEBUG 2024-10-01 19:25:09 [main] Lesson_6.LoggerApp (LoggerApp.java:30) - List is [3, 4, 5, 6, 7, 8, 9] for i 9
DEBUG 2024-10-01 19:25:09 [main] Lesson_6.LoggerApp (LoggerApp.java:30) - List is [4, 5, 6, 7, 8, 9, 10] for i 10
DEBUG 2024-10-01 19:25:09 [main] Lesson_6.LoggerApp (LoggerApp.java:30) - List is [5, 6, 7, 8, 9, 10, 11] for i 11
DEBUG 2024-10-01 19:25:09 [main] Lesson_6.LoggerApp (LoggerApp.java:30) - List is [6, 7, 8, 9, 10, 11, 12] for i 12
DEBUG 2024-10-01 19:25:09 [main] Lesson_6.LoggerApp (LoggerApp.java:30) - List is [7, 8, 9, 10, 11, 12, 13] for i 13
DEBUG 2024-10-01 19:25:09 [main] Lesson_6.LoggerApp (LoggerApp.java:30) - List is [8, 9, 10, 11, 12, 13, 14] for i 14
DEBUG 2024-10-01 19:25:09 [main] Lesson_6.LoggerApp (LoggerApp.java:30) - List is [9, 10, 11, 12, 13, 14, 15] for i 15
DEBUG 2024-10-01 19:25:09 [main] Lesson_6.LoggerApp (LoggerApp.java:30) - List is [10, 11, 12, 13, 14, 15, 16] for i 16
DEBUG 2024-10-01 19:25:09 [main] Lesson_6.LoggerApp (LoggerApp.java:30) - List is [11, 12, 13, 14, 15, 16, 17] for i 17
DEBUG 2024-10-01 19:25:09 [main] Lesson_6.LoggerApp (LoggerApp.java:30) - List is [12, 13, 14, 15, 16, 17, 18] for i 18
DEBUG 2024-10-01 19:25:09 [main] Lesson_6.LoggerApp (LoggerApp.java:30) - List is [13, 14, 15, 16, 17, 18, 19] for i 19
DEBUG 2024-10-01 19:25:09 [main] Lesson_6.LoggerApp (LoggerApp.java:30) - List is [14, 15, 16, 17, 18, 19, 20] for i 20
DEBUG 2024-10-01 19:25:09 [main] Lesson_6.LoggerApp (LoggerApp.java:30) - List is [15, 16, 17, 18, 19, 20, 21] for i 21
DEBUG 2024-10-01 19:25:43 [main] Lesson_6.LoggerApp (LoggerApp.java:30) - List is [1] for i 1
DEBUG 2024-10-01 19:25:43 [main] Lesson_6.LoggerApp (LoggerApp.java:30) - List is [1, 2] for i 2
DEBUG 2024-10-01 19:25:43 [main] Lesson_6.LoggerApp (LoggerApp.java:30) - List is [1, 2, 3] for i 3
DEBUG 2024-10-01 19:25:43 [main] Lesson_6.LoggerApp (LoggerApp.java:30) - List is [1, 2, 3, 4] for i 4
DEBUG 2024-10-01 19:25:43 [main] Lesson_6.LoggerApp (LoggerApp.java:30) - List is [1, 2, 3, 4, 5] for i 5
DEBUG 2024-10-01 19:25:43 [main] Lesson_6.LoggerApp (LoggerApp.java:30) - List is [1, 2, 3, 4, 5, 6] for i 6
DEBUG 2024-10-01 19:25:43 [main] Lesson_6.LoggerApp (LoggerApp.java:30) - List is [1, 2, 3, 4, 5, 6, 7] for i 7
DEBUG 2024-10-01 19:25:43 [main] Lesson_6.LoggerApp (LoggerApp.java:30) - List is [2, 3, 4, 5, 6, 7, 8] for i 8
DEBUG 2024-10-01 19:25:43 [main] Lesson_6.LoggerApp (LoggerApp.java:30) - List is [3, 4, 5, 6, 7, 8, 9] for i 9
DEBUG 2024-10-01 19:25:43 [main] Lesson_6.LoggerApp (LoggerApp.java:30) - List is [4, 5, 6, 7, 8, 9, 10] for i 10
DEBUG 2024-10-01 19:25:43 [main] Lesson_6.LoggerApp (LoggerApp.java:30) - List is [5, 6, 7, 8, 9, 10, 11] for i 11
DEBUG 2024-10-01 19:25:43 [main] Lesson_6.LoggerApp (LoggerApp.java:30) - List is [6, 7, 8, 9, 10, 11, 12] for i 12
DEBUG 2024-10-01 19:25:43 [main] Lesson_6.LoggerApp (LoggerApp.java:30) - List is [7, 8, 9, 10, 11, 12, 13] for i 13
DEBUG 2024-10-01 19:25:43 [main] Lesson_6.LoggerApp (LoggerApp.java:30) - List is [8, 9, 10, 11, 12, 13, 14] for i 14
DEBUG 2024-10-01 19:25:43 [main] Lesson_6.LoggerApp (LoggerApp.java:30) - List is [9, 10, 11, 12, 13, 14, 15] for i 15
DEBUG 2024-10-01 19:25:43 [main] Lesson_6.LoggerApp (LoggerApp.java:30) - List is [10, 11, 12, 13, 14, 15, 16] for i 16
DEBUG 2024-10-01 19:25:43 [main] Lesson_6.LoggerApp (LoggerApp.java:30) - List is [11, 12, 13, 14, 15, 16, 17] for i 17
DEBUG 2024-10-01 19:25:43 [main] Lesson_6.LoggerApp (LoggerApp.java:30) - List is [12, 13, 14, 15, 16, 17, 18] for i 18
DEBUG 2024-10-01 19:25:43 [main] Lesson_6.LoggerApp (LoggerApp.java:30) - List is [13, 14, 15, 16, 17, 18, 19] for i 19
DEBUG 2024-10-01 19:25:43 [main] Lesson_6.LoggerApp (LoggerApp.java:30) - List is [14, 15, 16, 17, 18, 19, 20] for i 20
